Client/build/app/intermediates/proguard-rules/release/aapt_rules.txt
# Referenced at release/arm64-v8a/AndroidManifest.xml:19
-keep class android.support.v4.app.CoreComponentFactory { <init>(); }
# Referenced at release/arm64-v8a/AndroidManifest.xml:24
-keep class com.anpan.expert_system.MainActivity { <init>(); }
# Referenced at release/arm64-v8a/AndroidManifest.xml:19
-keep class io.flutter.app.FlutterApplication { <init>(); }